<?xml version="1.0" encoding="UTF-8"?>
<!-- Generated by org.testng.reporters.JUnitReportReporter -->
<testsuite hostname="SegLappy07" failures="0" tests="2" name="svacademy.tests.ErrorValidationsTest" time="23.213" errors="0" timestamp="2026-03-21T00:44:16 IST" skipped="0">
  <testcase classname="svacademy.tests.ErrorValidationsTest" name="LoginErrorValidation" time="7.082"/>
  <testcase classname="svacademy.tests.ErrorValidationsTest" name="ProductErrorValidation" time="16.131"/>
</testsuite> <!-- svacademy.tests.ErrorValidationsTest -->
